# JRE version: OpenJDK Runtime Environment (8.0_242-b01) (build 1.8.0_242-release-1644-b01)
# Java VM: OpenJDK 64-Bit Server VM (25.242-b01 mixed mode windows-amd64 compressed oops)
Heap:
 PSYoungGen      total 512000K, used 66130K [0x00000000d5580000, 0x00000000f7e00000, 0x0000000100000000)
  eden space 480768K, 13% used [0x00000000d5580000,0x00000000d9614918,0x00000000f2b00000)
  from space 31232K, 0% used [0x00000000f2b00000,0x00000000f2b00000,0x00000000f4980000)
  to   space 24064K, 54% used [0x00000000f4980000,0x00000000f5650880,0x00000000f6100000)
 ParOldGen       total 161280K, used 156096K [0x0000000080000000, 0x0000000089d80000, 0x00000000d5580000)
  object space 161280K, 96% used [0x0000000080000000,0x00000000898700f8,0x0000000089d80000)
 Metaspace       used 88877K, capacity 93374K, committed 93976K, reserved 1130496K
  class space    used 11902K, capacity 12726K, committed 12840K, reserved 1048576K
GC Heap History (10 events):
Event: 7.756 GC heap before
{Heap before GC invocations=12 (full 3):
 PSYoungGen      total 431616K, used 18942K [0x00000000d5580000, 0x00000000f6100000, 0x0000000100000000)
  eden space 412672K, 0% used [0x00000000d5580000,0x00000000d5580000,0x00000000ee880000)
  from space 18944K, 99% used [0x00000000ee880000,0x00000000efaffb48,0x00000000efb00000)
  to   space 24064K, 0% used [0x00000000f4980000,0x00000000f4980000,0x00000000f6100000)
 ParOldGen       total 81408K, used 23053K [0x0000000080000000, 0x0000000084f80000, 0x00000000d5580000)
  object space 81408K, 28% used [0x0000000080000000,0x0000000081683728,0x0000000084f80000)
 Metaspace       used 56800K, capacity 59024K, committed 59160K, reserved 1099776K
  class space    used 7671K, capacity 8143K, committed 8232K, reserved 1048576K
Event: 7.916 GC heap after
Heap after GC invocations=12 (full 3):
 PSYoungGen      total 431616K, used 0K [0x00000000d5580000, 0x00000000f6100000, 0x0000000100000000)
  eden space 412672K, 0% used [0x00000000d5580000,0x00000000d5580000,0x00000000ee880000)
  from space 18944K, 0% used [0x00000000ee880000,0x00000000ee880000,0x00000000efb00000)
  to   space 24064K, 0% used [0x00000000f4980000,0x00000000f4980000,0x00000000f6100000)
 ParOldGen       total 125440K, used 37008K [0x0000000080000000, 0x0000000087a80000, 0x00000000d5580000)
  object space 125440K, 29% used [0x0000000080000000,0x00000000824243b8,0x0000000087a80000)
 Metaspace       used 56797K, capacity 59012K, committed 59160K, reserved 1099776K
  class space    used 7670K, capacity 8141K, committed 8232K, reserved 1048576K
}
Event: 11.372 GC heap before
{Heap before GC invocations=13 (full 3):
 PSYoungGen      total 431616K, used 412672K [0x00000000d5580000, 0x00000000f6100000, 0x0000000100000000)
  eden space 412672K, 100% used [0x00000000d5580000,0x00000000ee880000,0x00000000ee880000)
  from space 18944K, 0% used [0x00000000ee880000,0x00000000ee880000,0x00000000efb00000)
  to   space 24064K, 0% used [0x00000000f4980000,0x00000000f4980000,0x00000000f6100000)
 ParOldGen       total 125440K, used 37008K [0x0000000080000000, 0x0000000087a80000, 0x00000000d5580000)
  object space 125440K, 29% used [0x0000000080000000,0x00000000824243b8,0x0000000087a80000)
 Metaspace       used 71106K, capacity 74228K, committed 74264K, reserved 1114112K
  class space    used 9673K, capacity 10265K, committed 10280K, reserved 1048576K
Event: 11.405 GC heap after
Heap after GC invocations=13 (full 3):
 PSYoungGen      total 504832K, used 24063K [0x00000000d5580000, 0x00000000f7e00000, 0x0000000100000000)
  eden space 480768K, 0% used [0x00000000d5580000,0x00000000d5580000,0x00000000f2b00000)
  from space 24064K, 99% used [0x00000000f4980000,0x00000000f60fffd8,0x00000000f6100000)
  to   space 31232K, 0% used [0x00000000f2b00000,0x00000000f2b00000,0x00000000f4980000)
 ParOldGen       total 125440K, used 47318K [0x0000000080000000, 0x0000000087a80000, 0x00000000d5580000)
  object space 125440K, 37% used [0x0000000080000000,0x0000000082e35bb8,0x0000000087a80000)
 Metaspace       used 71106K, capacity 74228K, committed 74264K, reserved 1114112K
  class space    used 9673K, capacity 10265K, committed 10280K, reserved 1048576K
}
Event: 421.186 GC heap before
{Heap before GC invocations=14 (full 3):
 PSYoungGen      total 504832K, used 504831K [0x00000000d5580000, 0x00000000f7e00000, 0x0000000100000000)
  eden space 480768K, 100% used [0x00000000d5580000,0x00000000f2b00000,0x00000000f2b00000)
  from space 24064K, 99% used [0x00000000f4980000,0x00000000f60fffd8,0x00000000f6100000)
  to   space 31232K, 0% used [0x00000000f2b00000,0x00000000f2b00000,0x00000000f4980000)
 ParOldGen       total 125440K, used 47318K [0x0000000080000000, 0x0000000087a80000, 0x00000000d5580000)
  object space 125440K, 37% used [0x0000000080000000,0x0000000082e35bb8,0x0000000087a80000)
 Metaspace       used 78870K, capacity 82420K, committed 82584K, reserved 1120256K
  class space    used 10413K, capacity 11091K, committed 11176K, reserved 1048576K
Event: 421.226 GC heap after
Heap after GC invocations=14 (full 3):
 PSYoungGen      total 512000K, used 28257K [0x00000000d5580000, 0x00000000f7e00000, 0x0000000100000000)
  eden space 480768K, 0% used [0x00000000d5580000,0x00000000d5580000,0x00000000f2b00000)
  from space 31232K, 90% used [0x00000000f2b00000,0x00000000f4698418,0x00000000f4980000)
  to   space 24064K, 0% used [0x00000000f4980000,0x00000000f4980000,0x00000000f6100000)
 ParOldGen       total 125440K, used 68609K [0x0000000080000000, 0x0000000087a80000, 0x00000000d5580000)
  object space 125440K, 54% used [0x0000000080000000,0x00000000843006e0,0x0000000087a80000)
 Metaspace       used 78870K, capacity 82420K, committed 82584K, reserved 1120256K
  class space    used 10413K, capacity 11091K, committed 11176K, reserved 1048576K
}
Event: 423.529 GC heap before
{Heap before GC invocations=15 (full 3):
 PSYoungGen      total 512000K, used 509025K [0x00000000d5580000, 0x00000000f7e00000, 0x0000000100000000)
  eden space 480768K, 100% used [0x00000000d5580000,0x00000000f2b00000,0x00000000f2b00000)
  from space 31232K, 90% used [0x00000000f2b00000,0x00000000f4698418,0x00000000f4980000)
  to   space 24064K, 0% used [0x00000000f4980000,0x00000000f4980000,0x00000000f6100000)
 ParOldGen       total 125440K, used 68609K [0x0000000080000000, 0x0000000087a80000, 0x00000000d5580000)
  object space 125440K, 54% used [0x0000000080000000,0x00000000843006e0,0x0000000087a80000)
 Metaspace       used 88873K, capacity 93614K, committed 93720K, reserved 1130496K
  class space    used 11947K, capacity 12806K, committed 12840K, reserved 1048576K
Event: 423.683 GC heap after
Heap after GC invocations=15 (full 3):
 PSYoungGen      total 512000K, used 509025K [0x00000000d5580000, 0x00000000f7e00000, 0x0000000100000000)
  eden space 480768K, 100% used [0x00000000d5580000,0x00000000f2b00000,0x00000000f2b00000)
  from space 31232K, 90% used [0x00000000f2b00000,0x00000000f4698418,0x00000000f4980000)
  to   space 24064K, 99% used [0x00000000f4980000,0x00000000f60fdd50,0x00000000f6100000)
 ParOldGen       total 161280K, used 161259K [0x0000000080000000, 0x0000000089d80000, 0x00000000d5580000)
  object space 161280K, 99% used [0x0000000080000000,0x0000000089d7acc0,0x0000000089d80000)
 Metaspace       used 88873K, capacity 93614K, committed 93720K, reserved 1130496K
  class space    used 11947K, capacity 12806K, committed 12840K, reserved 1048576K
}
Event: 423.683 GC heap before
{Heap before GC invocations=16 (full 4):
 PSYoungGen      total 512000K, used 509025K [0x00000000d5580000, 0x00000000f7e00000, 0x0000000100000000)
  eden space 480768K, 100% used [0x00000000d5580000,0x00000000f2b00000,0x00000000f2b00000)
  from space 31232K, 90% used [0x00000000f2b00000,0x00000000f4698418,0x00000000f4980000)
  to   space 24064K, 99% used [0x00000000f4980000,0x00000000f60fdd50,0x00000000f6100000)
 ParOldGen       total 161280K, used 161259K [0x0000000080000000, 0x0000000089d80000, 0x00000000d5580000)
  object space 161280K, 99% used [0x0000000080000000,0x0000000089d7acc0,0x0000000089d80000)
 Metaspace       used 88873K, capacity 93614K, committed 93720K, reserved 1130496K
  class space    used 11947K, capacity 12806K, committed 12840K, reserved 1048576K
Event: 424.112 GC heap after
Heap after GC invocations=16 (full 4):
 PSYoungGen      total 512000K, used 0K [0x00000000d5580000, 0x00000000f7e00000, 0x0000000100000000)
  eden space 480768K, 0% used [0x00000000d5580000,0x00000000d5580000,0x00000000f2b00000)
  from space 31232K, 0% used [0x00000000f2b00000,0x00000000f2b00000,0x00000000f4980000)
  to   space 24064K, 54% used [0x00000000f4980000,0x00000000f5650880,0x00000000f6100000)
 ParOldGen       total 161280K, used 156096K [0x0000000080000000, 0x0000000089d80000, 0x00000000d5580000)
  object space 161280K, 96% used [0x0000000080000000,0x00000000898700f8,0x0000000089d80000)
 Metaspace       used 88735K, capacity 93234K, committed 93720K, reserved 1130496K
  class space    used 11901K, capacity 12724K, committed 12840K, reserved 1048576K
}

