# JRE version: OpenJDK Runtime Environment (8.0_242-b01) (build 1.8.0_242-release-1644-b01)
# Java VM: OpenJDK 64-Bit Server VM (25.242-b01 mixed mode windows-amd64 compressed oops)
Heap:
 PSYoungGen      total 302592K, used 100979K [0x00000000d5580000, 0x00000000f1f80000, 0x0000000100000000)
  eden space 264704K, 30% used [0x00000000d5580000,0x00000000da42e770,0x00000000e5800000)
  from space 37888K, 53% used [0x00000000e5800000,0x00000000e6bee758,0x00000000e7d00000)
  to   space 66048K, 0% used [0x00000000edf00000,0x00000000edf00000,0x00000000f1f80000)
 ParOldGen       total 261632K, used 124659K [0x0000000080000000, 0x000000008ff80000, 0x00000000d5580000)
  object space 261632K, 47% used [0x0000000080000000,0x00000000879bcd28,0x000000008ff80000)
 Metaspace       used 78060K, capacity 81686K, committed 82584K, reserved 1120256K
  class space    used 10754K, capacity 11492K, committed 11696K, reserved 1048576K
GC Heap History (10 events):
Event: 5.458 GC heap before
{Heap before GC invocations=15 (full 3):
 PSYoungGen      total 243712K, used 4493K [0x00000000d5580000, 0x00000000e5c00000, 0x0000000100000000)
  eden space 224768K, 0% used [0x00000000d5580000,0x00000000d5580000,0x00000000e3100000)
  from space 18944K, 23% used [0x00000000e4380000,0x00000000e47e3698,0x00000000e5600000)
  to   space 18944K, 0% used [0x00000000e3100000,0x00000000e3100000,0x00000000e4380000)
 ParOldGen       total 74752K, used 40911K [0x0000000080000000, 0x0000000084900000, 0x00000000d5580000)
  object space 74752K, 54% used [0x0000000080000000,0x00000000827f3d78,0x0000000084900000)
 Metaspace       used 56738K, capacity 59064K, committed 59160K, reserved 1099776K
  class space    used 7678K, capacity 8159K, committed 8240K, reserved 1048576K
Event: 5.585 GC heap after
Heap after GC invocations=15 (full 3):
 PSYoungGen      total 243712K, used 0K [0x00000000d5580000, 0x00000000e5c00000, 0x0000000100000000)
  eden space 224768K, 0% used [0x00000000d5580000,0x00000000d5580000,0x00000000e3100000)
  from space 18944K, 0% used [0x00000000e4380000,0x00000000e4380000,0x00000000e5600000)
  to   space 18944K, 0% used [0x00000000e3100000,0x00000000e3100000,0x00000000e4380000)
 ParOldGen       total 113152K, used 31737K [0x0000000080000000, 0x0000000086e80000, 0x00000000d5580000)
  object space 113152K, 28% used [0x0000000080000000,0x0000000081efe5c0,0x0000000086e80000)
 Metaspace       used 56706K, capacity 58956K, committed 59160K, reserved 1099776K
  class space    used 7668K, capacity 8141K, committed 8240K, reserved 1048576K
}
Event: 7.137 GC heap before
{Heap before GC invocations=16 (full 3):
 PSYoungGen      total 243712K, used 224768K [0x00000000d5580000, 0x00000000e5c00000, 0x0000000100000000)
  eden space 224768K, 100% used [0x00000000d5580000,0x00000000e3100000,0x00000000e3100000)
  from space 18944K, 0% used [0x00000000e4380000,0x00000000e4380000,0x00000000e5600000)
  to   space 18944K, 0% used [0x00000000e3100000,0x00000000e3100000,0x00000000e4380000)
 ParOldGen       total 113152K, used 31737K [0x0000000080000000, 0x0000000086e80000, 0x00000000d5580000)
  object space 113152K, 28% used [0x0000000080000000,0x0000000081efe5c0,0x0000000086e80000)
 Metaspace       used 66133K, capacity 69348K, committed 69656K, reserved 1110016K
  class space    used 9071K, capacity 9711K, committed 9776K, reserved 1048576K
Event: 7.157 GC heap after
Heap after GC invocations=16 (full 3):
 PSYoungGen      total 243712K, used 18928K [0x00000000d5580000, 0x00000000e9280000, 0x0000000100000000)
  eden space 224768K, 0% used [0x00000000d5580000,0x00000000d5580000,0x00000000e3100000)
  from space 18944K, 99% used [0x00000000e3100000,0x00000000e437c3b0,0x00000000e4380000)
  to   space 22016K, 0% used [0x00000000e7d00000,0x00000000e7d00000,0x00000000e9280000)
 ParOldGen       total 113152K, used 32588K [0x0000000080000000, 0x0000000086e80000, 0x00000000d5580000)
  object space 113152K, 28% used [0x0000000080000000,0x0000000081fd3100,0x0000000086e80000)
 Metaspace       used 66133K, capacity 69348K, committed 69656K, reserved 1110016K
  class space    used 9071K, capacity 9711K, committed 9776K, reserved 1048576K
}
Event: 8.373 GC heap before
{Heap before GC invocations=17 (full 3):
 PSYoungGen      total 243712K, used 236541K [0x00000000d5580000, 0x00000000e9280000, 0x0000000100000000)
  eden space 224768K, 96% used [0x00000000d5580000,0x00000000e2a03390,0x00000000e3100000)
  from space 18944K, 99% used [0x00000000e3100000,0x00000000e437c3b0,0x00000000e4380000)
  to   space 22016K, 0% used [0x00000000e7d00000,0x00000000e7d00000,0x00000000e9280000)
 ParOldGen       total 113152K, used 32588K [0x0000000080000000, 0x0000000086e80000, 0x00000000d5580000)
  object space 113152K, 28% used [0x0000000080000000,0x0000000081fd3100,0x0000000086e80000)
 Metaspace       used 73521K, capacity 76898K, committed 77080K, reserved 1116160K
  class space    used 10077K, capacity 10730K, committed 10800K, reserved 1048576K
Event: 8.406 GC heap after
Heap after GC invocations=17 (full 3):
 PSYoungGen      total 286720K, used 22008K [0x00000000d5580000, 0x00000000eb100000, 0x0000000100000000)
  eden space 264704K, 0% used [0x00000000d5580000,0x00000000d5580000,0x00000000e5800000)
  from space 22016K, 99% used [0x00000000e7d00000,0x00000000e927e0a8,0x00000000e9280000)
  to   space 37888K, 0% used [0x00000000e5800000,0x00000000e5800000,0x00000000e7d00000)
 ParOldGen       total 113152K, used 65875K [0x0000000080000000, 0x0000000086e80000, 0x00000000d5580000)
  object space 113152K, 58% used [0x0000000080000000,0x0000000084054fa8,0x0000000086e80000)
 Metaspace       used 73521K, capacity 76898K, committed 77080K, reserved 1116160K
  class space    used 10077K, capacity 10730K, committed 10800K, reserved 1048576K
}
Event: 9.858 GC heap before
{Heap before GC invocations=18 (full 3):
 PSYoungGen      total 286720K, used 286712K [0x00000000d5580000, 0x00000000eb100000, 0x0000000100000000)
  eden space 264704K, 100% used [0x00000000d5580000,0x00000000e5800000,0x00000000e5800000)
  from space 22016K, 99% used [0x00000000e7d00000,0x00000000e927e0a8,0x00000000e9280000)
  to   space 37888K, 0% used [0x00000000e5800000,0x00000000e5800000,0x00000000e7d00000)
 ParOldGen       total 113152K, used 65875K [0x0000000080000000, 0x0000000086e80000, 0x00000000d5580000)
  object space 113152K, 58% used [0x0000000080000000,0x0000000084054fa8,0x0000000086e80000)
 Metaspace       used 78166K, capacity 82172K, committed 82328K, reserved 1120256K
  class space    used 10823K, capacity 11617K, committed 11696K, reserved 1048576K
Event: 9.932 GC heap after
Heap after GC invocations=18 (full 3):
 PSYoungGen      total 302592K, used 37860K [0x00000000d5580000, 0x00000000f1f80000, 0x0000000100000000)
  eden space 264704K, 0% used [0x00000000d5580000,0x00000000d5580000,0x00000000e5800000)
  from space 37888K, 99% used [0x00000000e5800000,0x00000000e7cf9218,0x00000000e7d00000)
  to   space 66048K, 0% used [0x00000000edf00000,0x00000000edf00000,0x00000000f1f80000)
 ParOldGen       total 124928K, used 124492K [0x0000000080000000, 0x0000000087a00000, 0x00000000d5580000)
  object space 124928K, 99% used [0x0000000080000000,0x0000000087993258,0x0000000087a00000)
 Metaspace       used 78166K, capacity 82172K, committed 82328K, reserved 1120256K
  class space    used 10823K, capacity 11617K, committed 11696K, reserved 1048576K
}
Event: 9.932 GC heap before
{Heap before GC invocations=19 (full 4):
 PSYoungGen      total 302592K, used 37860K [0x00000000d5580000, 0x00000000f1f80000, 0x0000000100000000)
  eden space 264704K, 0% used [0x00000000d5580000,0x00000000d5580000,0x00000000e5800000)
  from space 37888K, 99% used [0x00000000e5800000,0x00000000e7cf9218,0x00000000e7d00000)
  to   space 66048K, 0% used [0x00000000edf00000,0x00000000edf00000,0x00000000f1f80000)
 ParOldGen       total 124928K, used 124492K [0x0000000080000000, 0x0000000087a00000, 0x00000000d5580000)
  object space 124928K, 99% used [0x0000000080000000,0x0000000087993258,0x0000000087a00000)
 Metaspace       used 78166K, capacity 82172K, committed 82328K, reserved 1120256K
  class space    used 10823K, capacity 11617K, committed 11696K, reserved 1048576K
Event: 10.390 GC heap after
Heap after GC invocations=19 (full 4):
 PSYoungGen      total 302592K, used 20409K [0x00000000d5580000, 0x00000000f1f80000, 0x0000000100000000)
  eden space 264704K, 0% used [0x00000000d5580000,0x00000000d5580000,0x00000000e5800000)
  from space 37888K, 53% used [0x00000000e5800000,0x00000000e6bee758,0x00000000e7d00000)
  to   space 66048K, 0% used [0x00000000edf00000,0x00000000edf00000,0x00000000f1f80000)
 ParOldGen       total 261632K, used 124659K [0x0000000080000000, 0x000000008ff80000, 0x00000000d5580000)
  object space 261632K, 47% used [0x0000000080000000,0x00000000879bcd28,0x000000008ff80000)
 Metaspace       used 77926K, capacity 81490K, committed 82328K, reserved 1120256K
  class space    used 10746K, capacity 11480K, committed 11696K, reserved 1048576K
}

