# JRE version: OpenJDK Runtime Environment (8.0_242-b01) (build 1.8.0_242-release-1644-b01)
# Java VM: OpenJDK 64-Bit Server VM (25.242-b01 mixed mode windows-amd64 compressed oops)
Heap:
 PSYoungGen      total 413184K, used 66816K [0x00000000d5580000, 0x00000000f4a00000, 0x0000000100000000)
  eden space 347648K, 13% used [0x00000000d5580000,0x00000000d8391570,0x00000000ea900000)
  from space 65536K, 29% used [0x00000000ea900000,0x00000000ebc2ee20,0x00000000ee900000)
  to   space 61952K, 0% used [0x00000000f0d80000,0x00000000f0d80000,0x00000000f4a00000)
 ParOldGen       total 252928K, used 141842K [0x0000000080000000, 0x000000008f700000, 0x00000000d5580000)
  object space 252928K, 56% used [0x0000000080000000,0x0000000088a84bf8,0x000000008f700000)
 Metaspace       used 87198K, capacity 91540K, committed 91544K, reserved 1128448K
  class space    used 11642K, capacity 12461K, committed 12464K, reserved 1048576K
GC Heap History (10 events):
Event: 11.440 GC heap before
{Heap before GC invocations=17 (full 3):
 PSYoungGen      total 254976K, used 254904K [0x00000000d5580000, 0x00000000ea900000, 0x0000000100000000)
  eden space 236032K, 99% used [0x00000000d5580000,0x00000000e3bf1458,0x00000000e3c00000)
  from space 18944K, 99% used [0x00000000e3c00000,0x00000000e4e7cea8,0x00000000e4e80000)
  to   space 23040K, 0% used [0x00000000e9280000,0x00000000e9280000,0x00000000ea900000)
 ParOldGen       total 108032K, used 33382K [0x0000000080000000, 0x0000000086980000, 0x00000000d5580000)
  object space 108032K, 30% used [0x0000000080000000,0x0000000082099848,0x0000000086980000)
 Metaspace       used 73739K, capacity 77210K, committed 77336K, reserved 1116160K
  class space    used 10105K, capacity 10748K, committed 10800K, reserved 1048576K
Event: 11.470 GC heap after
Heap after GC invocations=17 (full 3):
 PSYoungGen      total 309248K, used 23024K [0x00000000d5580000, 0x00000000ec580000, 0x0000000100000000)
  eden space 286208K, 0% used [0x00000000d5580000,0x00000000d5580000,0x00000000e6d00000)
  from space 23040K, 99% used [0x00000000e9280000,0x00000000ea8fc0f0,0x00000000ea900000)
  to   space 38400K, 0% used [0x00000000e6d00000,0x00000000e6d00000,0x00000000e9280000)
 ParOldGen       total 108032K, used 65823K [0x0000000080000000, 0x0000000086980000, 0x00000000d5580000)
  object space 108032K, 60% used [0x0000000080000000,0x0000000084047e78,0x0000000086980000)
 Metaspace       used 73739K, capacity 77210K, committed 77336K, reserved 1116160K
  class space    used 10105K, capacity 10748K, committed 10800K, reserved 1048576K
}
Event: 12.938 GC heap before
{Heap before GC invocations=18 (full 3):
 PSYoungGen      total 309248K, used 305951K [0x00000000d5580000, 0x00000000ec580000, 0x0000000100000000)
  eden space 286208K, 98% used [0x00000000d5580000,0x00000000e69cbe80,0x00000000e6d00000)
  from space 23040K, 99% used [0x00000000e9280000,0x00000000ea8fc0f0,0x00000000ea900000)
  to   space 38400K, 0% used [0x00000000e6d00000,0x00000000e6d00000,0x00000000e9280000)
 ParOldGen       total 108032K, used 65823K [0x0000000080000000, 0x0000000086980000, 0x00000000d5580000)
  object space 108032K, 60% used [0x0000000080000000,0x0000000084047e78,0x0000000086980000)
 Metaspace       used 78243K, capacity 82282K, committed 82584K, reserved 1120256K
  class space    used 10831K, capacity 11612K, committed 11696K, reserved 1048576K
Event: 13.015 GC heap after
Heap after GC invocations=18 (full 3):
 PSYoungGen      total 324608K, used 38386K [0x00000000d5580000, 0x00000000f4200000, 0x0000000100000000)
  eden space 286208K, 0% used [0x00000000d5580000,0x00000000d5580000,0x00000000e6d00000)
  from space 38400K, 99% used [0x00000000e6d00000,0x00000000e927ca90,0x00000000e9280000)
  to   space 66560K, 0% used [0x00000000f0100000,0x00000000f0100000,0x00000000f4200000)
 ParOldGen       total 124928K, used 124523K [0x0000000080000000, 0x0000000087a00000, 0x00000000d5580000)
  object space 124928K, 99% used [0x0000000080000000,0x000000008799ae88,0x0000000087a00000)
 Metaspace       used 78243K, capacity 82282K, committed 82584K, reserved 1120256K
  class space    used 10831K, capacity 11612K, committed 11696K, reserved 1048576K
}
Event: 13.015 GC heap before
{Heap before GC invocations=19 (full 4):
 PSYoungGen      total 324608K, used 38386K [0x00000000d5580000, 0x00000000f4200000, 0x0000000100000000)
  eden space 286208K, 0% used [0x00000000d5580000,0x00000000d5580000,0x00000000e6d00000)
  from space 38400K, 99% used [0x00000000e6d00000,0x00000000e927ca90,0x00000000e9280000)
  to   space 66560K, 0% used [0x00000000f0100000,0x00000000f0100000,0x00000000f4200000)
 ParOldGen       total 124928K, used 124523K [0x0000000080000000, 0x0000000087a00000, 0x00000000d5580000)
  object space 124928K, 99% used [0x0000000080000000,0x000000008799ae88,0x0000000087a00000)
 Metaspace       used 78243K, capacity 82282K, committed 82584K, reserved 1120256K
  class space    used 10831K, capacity 11612K, committed 11696K, reserved 1048576K
Event: 13.503 GC heap after
Heap after GC invocations=19 (full 4):
 PSYoungGen      total 324608K, used 16841K [0x00000000d5580000, 0x00000000f4200000, 0x0000000100000000)
  eden space 286208K, 0% used [0x00000000d5580000,0x00000000d5580000,0x00000000e6d00000)
  from space 38400K, 43% used [0x00000000e6d00000,0x00000000e7d72578,0x00000000e9280000)
  to   space 66560K, 0% used [0x00000000f0100000,0x00000000f0100000,0x00000000f4200000)
 ParOldGen       total 252928K, used 124856K [0x0000000080000000, 0x000000008f700000, 0x00000000d5580000)
  object space 252928K, 49% used [0x0000000080000000,0x00000000879ee280,0x000000008f700000)
 Metaspace       used 78017K, capacity 81626K, committed 82584K, reserved 1120256K
  class space    used 10757K, capacity 11482K, committed 11696K, reserved 1048576K
}
Event: 80.741 GC heap before
{Heap before GC invocations=20 (full 4):
 PSYoungGen      total 324608K, used 303049K [0x00000000d5580000, 0x00000000f4200000, 0x0000000100000000)
  eden space 286208K, 100% used [0x00000000d5580000,0x00000000e6d00000,0x00000000e6d00000)
  from space 38400K, 43% used [0x00000000e6d00000,0x00000000e7d72578,0x00000000e9280000)
  to   space 66560K, 0% used [0x00000000f0100000,0x00000000f0100000,0x00000000f4200000)
 ParOldGen       total 252928K, used 124856K [0x0000000080000000, 0x000000008f700000, 0x00000000d5580000)
  object space 252928K, 49% used [0x0000000080000000,0x00000000879ee280,0x000000008f700000)
 Metaspace       used 83490K, capacity 87456K, committed 87576K, reserved 1124352K
  class space    used 11257K, capacity 12023K, committed 12080K, reserved 1048576K
Event: 80.783 GC heap after
Heap after GC invocations=20 (full 4):
 PSYoungGen      total 388608K, used 31073K [0x00000000d5580000, 0x00000000f2900000, 0x0000000100000000)
  eden space 347648K, 0% used [0x00000000d5580000,0x00000000d5580000,0x00000000ea900000)
  from space 40960K, 75% used [0x00000000f0100000,0x00000000f1f586e0,0x00000000f2900000)
  to   space 65536K, 0% used [0x00000000ea900000,0x00000000ea900000,0x00000000ee900000)
 ParOldGen       total 252928K, used 141834K [0x0000000080000000, 0x000000008f700000, 0x00000000d5580000)
  object space 252928K, 56% used [0x0000000080000000,0x0000000088a82bf8,0x000000008f700000)
 Metaspace       used 83490K, capacity 87456K, committed 87576K, reserved 1124352K
  class space    used 11257K, capacity 12023K, committed 12080K, reserved 1048576K
}
Event: 322.223 GC heap before
{Heap before GC invocations=21 (full 4):
 PSYoungGen      total 388608K, used 378721K [0x00000000d5580000, 0x00000000f2900000, 0x0000000100000000)
  eden space 347648K, 100% used [0x00000000d5580000,0x00000000ea900000,0x00000000ea900000)
  from space 40960K, 75% used [0x00000000f0100000,0x00000000f1f586e0,0x00000000f2900000)
  to   space 65536K, 0% used [0x00000000ea900000,0x00000000ea900000,0x00000000ee900000)
 ParOldGen       total 252928K, used 141834K [0x0000000080000000, 0x000000008f700000, 0x00000000d5580000)
  object space 252928K, 56% used [0x0000000080000000,0x0000000088a82bf8,0x000000008f700000)
 Metaspace       used 87030K, capacity 91450K, committed 91544K, reserved 1128448K
  class space    used 11628K, capacity 12446K, committed 12464K, reserved 1048576K
Event: 322.243 GC heap after
Heap after GC invocations=21 (full 4):
 PSYoungGen      total 413184K, used 19643K [0x00000000d5580000, 0x00000000f4a00000, 0x0000000100000000)
  eden space 347648K, 0% used [0x00000000d5580000,0x00000000d5580000,0x00000000ea900000)
  from space 65536K, 29% used [0x00000000ea900000,0x00000000ebc2ee20,0x00000000ee900000)
  to   space 61952K, 0% used [0x00000000f0d80000,0x00000000f0d80000,0x00000000f4a00000)
 ParOldGen       total 252928K, used 141842K [0x0000000080000000, 0x000000008f700000, 0x00000000d5580000)
  object space 252928K, 56% used [0x0000000080000000,0x0000000088a84bf8,0x000000008f700000)
 Metaspace       used 87030K, capacity 91450K, committed 91544K, reserved 1128448K
  class space    used 11628K, capacity 12446K, committed 12464K, reserved 1048576K
}

