# JRE version: OpenJDK Runtime Environment (8.0_242-b01) (build 1.8.0_242-release-1644-b01)
# Java VM: OpenJDK 64-Bit Server VM (25.242-b01 mixed mode windows-amd64 compressed oops)
Heap:
 PSYoungGen      total 138240K, used 18436K [0x00000000d5a00000, 0x00000000e0a00000, 0x0000000100000000)
  eden space 133120K, 10% used [0x00000000d5a00000,0x00000000d6709388,0x00000000ddc00000)
  from space 5120K, 99% used [0x00000000ddc00000,0x00000000de0f8010,0x00000000de100000)
  to   space 22016K, 0% used [0x00000000df480000,0x00000000df480000,0x00000000e0a00000)
 ParOldGen       total 130048K, used 68441K [0x0000000080e00000, 0x0000000088d00000, 0x00000000d5a00000)
  object space 130048K, 52% used [0x0000000080e00000,0x00000000850d6750,0x0000000088d00000)
 Metaspace       used 55848K, capacity 56792K, committed 57216K, reserved 1099776K
  class space    used 6450K, capacity 6684K, committed 6784K, reserved 1048576K
GC Heap History (10 events):
Event: 1.884 GC heap before
{Heap before GC invocations=5 (full 1):
 PSYoungGen      total 71680K, used 66560K [0x00000000d5a00000, 0x00000000de600000, 0x0000000100000000)
  eden space 66560K, 100% used [0x00000000d5a00000,0x00000000d9b00000,0x00000000d9b00000)
  from space 5120K, 0% used [0x00000000d9b00000,0x00000000d9b00000,0x00000000da000000)
  to   space 5120K, 0% used [0x00000000de100000,0x00000000de100000,0x00000000de600000)
 ParOldGen       total 92160K, used 22082K [0x0000000080e00000, 0x0000000086800000, 0x00000000d5a00000)
  object space 92160K, 23% used [0x0000000080e00000,0x0000000082390a68,0x0000000086800000)
 Metaspace       used 29922K, capacity 30388K, committed 30592K, reserved 1075200K
  class space    used 3755K, capacity 3918K, committed 3968K, reserved 1048576K
Event: 1.895 GC heap after
Heap after GC invocations=5 (full 1):
 PSYoungGen      total 99840K, used 5110K [0x00000000d5a00000, 0x00000000de600000, 0x0000000100000000)
  eden space 94720K, 0% used [0x00000000d5a00000,0x00000000d5a00000,0x00000000db680000)
  from space 5120K, 99% used [0x00000000de100000,0x00000000de5fd880,0x00000000de600000)
  to   space 5120K, 0% used [0x00000000ddc00000,0x00000000ddc00000,0x00000000de100000)
 ParOldGen       total 92160K, used 32820K [0x0000000080e00000, 0x0000000086800000, 0x00000000d5a00000)
  object space 92160K, 35% used [0x0000000080e00000,0x0000000082e0d0e0,0x0000000086800000)
 Metaspace       used 29922K, capacity 30388K, committed 30592K, reserved 1075200K
  class space    used 3755K, capacity 3918K, committed 3968K, reserved 1048576K
}
Event: 2.141 GC heap before
{Heap before GC invocations=6 (full 1):
 PSYoungGen      total 99840K, used 31610K [0x00000000d5a00000, 0x00000000de600000, 0x0000000100000000)
  eden space 94720K, 27% used [0x00000000d5a00000,0x00000000d73e1368,0x00000000db680000)
  from space 5120K, 99% used [0x00000000de100000,0x00000000de5fd880,0x00000000de600000)
  to   space 5120K, 0% used [0x00000000ddc00000,0x00000000ddc00000,0x00000000de100000)
 ParOldGen       total 92160K, used 32820K [0x0000000080e00000, 0x0000000086800000, 0x00000000d5a00000)
  object space 92160K, 35% used [0x0000000080e00000,0x0000000082e0d0e0,0x0000000086800000)
 Metaspace       used 34652K, capacity 35114K, committed 35416K, reserved 1081344K
  class space    used 4371K, capacity 4530K, committed 4608K, reserved 1048576K
Event: 2.149 GC heap after
Heap after GC invocations=6 (full 1):
 PSYoungGen      total 138240K, used 5091K [0x00000000d5a00000, 0x00000000e0a00000, 0x0000000100000000)
  eden space 133120K, 0% used [0x00000000d5a00000,0x00000000d5a00000,0x00000000ddc00000)
  from space 5120K, 99% used [0x00000000ddc00000,0x00000000de0f8c60,0x00000000de100000)
  to   space 22016K, 0% used [0x00000000df480000,0x00000000df480000,0x00000000e0a00000)
 ParOldGen       total 92160K, used 39779K [0x0000000080e00000, 0x0000000086800000, 0x00000000d5a00000)
  object space 92160K, 43% used [0x0000000080e00000,0x00000000834d8e68,0x0000000086800000)
 Metaspace       used 34652K, capacity 35114K, committed 35416K, reserved 1081344K
  class space    used 4371K, capacity 4530K, committed 4608K, reserved 1048576K
}
Event: 2.149 GC heap before
{Heap before GC invocations=7 (full 2):
 PSYoungGen      total 138240K, used 5091K [0x00000000d5a00000, 0x00000000e0a00000, 0x0000000100000000)
  eden space 133120K, 0% used [0x00000000d5a00000,0x00000000d5a00000,0x00000000ddc00000)
  from space 5120K, 99% used [0x00000000ddc00000,0x00000000de0f8c60,0x00000000de100000)
  to   space 22016K, 0% used [0x00000000df480000,0x00000000df480000,0x00000000e0a00000)
 ParOldGen       total 92160K, used 39779K [0x0000000080e00000, 0x0000000086800000, 0x00000000d5a00000)
  object space 92160K, 43% used [0x0000000080e00000,0x00000000834d8e68,0x0000000086800000)
 Metaspace       used 34652K, capacity 35114K, committed 35416K, reserved 1081344K
  class space    used 4371K, capacity 4530K, committed 4608K, reserved 1048576K
Event: 2.182 GC heap after
Heap after GC invocations=7 (full 2):
 PSYoungGen      total 138240K, used 0K [0x00000000d5a00000, 0x00000000e0a00000, 0x0000000100000000)
  eden space 133120K, 0% used [0x00000000d5a00000,0x00000000d5a00000,0x00000000ddc00000)
  from space 5120K, 0% used [0x00000000ddc00000,0x00000000ddc00000,0x00000000de100000)
  to   space 22016K, 0% used [0x00000000df480000,0x00000000df480000,0x00000000e0a00000)
 ParOldGen       total 130048K, used 32817K [0x0000000080e00000, 0x0000000088d00000, 0x00000000d5a00000)
  object space 130048K, 25% used [0x0000000080e00000,0x0000000082e0c638,0x0000000088d00000)
 Metaspace       used 34652K, capacity 35114K, committed 35416K, reserved 1081344K
  class space    used 4371K, capacity 4530K, committed 4608K, reserved 1048576K
}
Event: 3.515 GC heap before
{Heap before GC invocations=8 (full 2):
 PSYoungGen      total 138240K, used 133120K [0x00000000d5a00000, 0x00000000e0a00000, 0x0000000100000000)
  eden space 133120K, 100% used [0x00000000d5a00000,0x00000000ddc00000,0x00000000ddc00000)
  from space 5120K, 0% used [0x00000000ddc00000,0x00000000ddc00000,0x00000000de100000)
  to   space 22016K, 0% used [0x00000000df480000,0x00000000df480000,0x00000000e0a00000)
 ParOldGen       total 130048K, used 32817K [0x0000000080e00000, 0x0000000088d00000, 0x00000000d5a00000)
  object space 130048K, 25% used [0x0000000080e00000,0x0000000082e0c638,0x0000000088d00000)
 Metaspace       used 43261K, capacity 43978K, committed 44288K, reserved 1087488K
  class space    used 5168K, capacity 5371K, committed 5376K, reserved 1048576K
Event: 3.534 GC heap after
Heap after GC invocations=8 (full 2):
 PSYoungGen      total 155136K, used 21997K [0x00000000d5a00000, 0x00000000e0a00000, 0x0000000100000000)
  eden space 133120K, 0% used [0x00000000d5a00000,0x00000000d5a00000,0x00000000ddc00000)
  from space 22016K, 99% used [0x00000000df480000,0x00000000e09fb588,0x00000000e0a00000)
  to   space 5120K, 0% used [0x00000000ddc00000,0x00000000ddc00000,0x00000000de100000)
 ParOldGen       total 130048K, used 36745K [0x0000000080e00000, 0x0000000088d00000, 0x00000000d5a00000)
  object space 130048K, 28% used [0x0000000080e00000,0x00000000831e2710,0x0000000088d00000)
 Metaspace       used 43261K, capacity 43978K, committed 44288K, reserved 1087488K
  class space    used 5168K, capacity 5371K, committed 5376K, reserved 1048576K
}
Event: 6.445 GC heap before
{Heap before GC invocations=9 (full 2):
 PSYoungGen      total 155136K, used 155117K [0x00000000d5a00000, 0x00000000e0a00000, 0x0000000100000000)
  eden space 133120K, 100% used [0x00000000d5a00000,0x00000000ddc00000,0x00000000ddc00000)
  from space 22016K, 99% used [0x00000000df480000,0x00000000e09fb588,0x00000000e0a00000)
  to   space 5120K, 0% used [0x00000000ddc00000,0x00000000ddc00000,0x00000000de100000)
 ParOldGen       total 130048K, used 36745K [0x0000000080e00000, 0x0000000088d00000, 0x00000000d5a00000)
  object space 130048K, 28% used [0x0000000080e00000,0x00000000831e2710,0x0000000088d00000)
 Metaspace       used 53597K, capacity 54500K, committed 54912K, reserved 1097728K
  class space    used 6200K, capacity 6408K, committed 6528K, reserved 1048576K
Event: 6.473 GC heap after
Heap after GC invocations=9 (full 2):
 PSYoungGen      total 138240K, used 5088K [0x00000000d5a00000, 0x00000000e0a00000, 0x0000000100000000)
  eden space 133120K, 0% used [0x00000000d5a00000,0x00000000d5a00000,0x00000000ddc00000)
  from space 5120K, 99% used [0x00000000ddc00000,0x00000000de0f8010,0x00000000de100000)
  to   space 22016K, 0% used [0x00000000df480000,0x00000000df480000,0x00000000e0a00000)
 ParOldGen       total 130048K, used 68441K [0x0000000080e00000, 0x0000000088d00000, 0x00000000d5a00000)
  object space 130048K, 52% used [0x0000000080e00000,0x00000000850d6750,0x0000000088d00000)
 Metaspace       used 53597K, capacity 54500K, committed 54912K, reserved 1097728K
  class space    used 6200K, capacity 6408K, committed 6528K, reserved 1048576K
}

